<?xml version="1.0" encoding="UTF-8"?>
<!-- Generated by org.testng.reporters.JUnitReportReporter -->
<testsuite hostname="DESKTOP-44D0AM0" failures="0" tests="4" name="com.orange.hrm.test.LoginTest" time="7.123" errors="0" timestamp="2025-01-05T16:57:54 EST" skipped="0">
  <testcase classname="com.orange.hrm.test.LoginTest" name="loginWithValidUserNameAndInvalidPassword" time="1.615"/>
  <testcase classname="com.orange.hrm.test.LoginTest" name="loginWithInValidUserNameAndvalidPassword" time="2.475"/>
  <testcase classname="com.orange.hrm.test.LoginTest" name="loginWithInvalidUserNameAndInvalidPassword" time="1.419"/>
  <testcase classname="com.orange.hrm.test.LoginTest" name="loginWithValidUserNameAndValidPassword" time="1.614"/>
</testsuite> <!-- com.orange.hrm.test.LoginTest -->
