<?xml version="1.0" encoding="UTF-8"?>
<!-- Generated by org.testng.reporters.JUnitReportReporter -->
<testsuite hostname="DESKTOP-44D0AM0" failures="0" tests="2" name="com.orange.hrm.test.HomePageTest" time="1.888" errors="0" timestamp="2025-01-23T13:34:39 EST" skipped="0">
  <testcase classname="com.orange.hrm.test.HomePageTest" name="adminLink" time="0.872"/>
  <testcase classname="com.orange.hrm.test.HomePageTest" name="logout" time="1.016"/>
</testsuite> <!-- com.orange.hrm.test.HomePageTest -->
