<?xml version="1.0" encoding="UTF-8"?>
<!-- Generated by org.testng.reporters.JUnitReportReporter -->
<testsuite hostname="DESKTOP-44D0AM0" failures="0" tests="4" name="com.orange.hrm.test.LoginTest" time="7.128" errors="0" timestamp="2025-01-23T13:34:39 EST" skipped="0">
  <testcase classname="com.orange.hrm.test.LoginTest" name="loginWithInvalidUserNameAndInvalidPassword" time="1.264"/>
  <testcase classname="com.orange.hrm.test.LoginTest" name="loginWithInValidUserNameAndvalidPassword" time="2.711"/>
  <testcase classname="com.orange.hrm.test.LoginTest" name="loginWithValidUserNameAndValidPassword" time="1.648"/>
  <testcase classname="com.orange.hrm.test.LoginTest" name="loginWithValidUserNameAndInvalidPassword" time="1.505"/>
</testsuite> <!-- com.orange.hrm.test.LoginTest -->
