<?xml version="1.0" encoding="UTF-8"?>
<!-- Generated by org.testng.reporters.JUnitReportReporter -->
<testsuite hostname="DESKTOP-44D0AM0" failures="0" tests="4" name="com.orange.hrm.test.LoginTest" time="6.471" errors="0" timestamp="2025-01-23T11:42:08 EST" skipped="0">
  <testcase classname="com.orange.hrm.test.LoginTest" name="loginWithValidUserNameAndInvalidPassword" time="1.470"/>
  <testcase classname="com.orange.hrm.test.LoginTest" name="loginWithInValidUserNameAndvalidPassword" time="2.272"/>
  <testcase classname="com.orange.hrm.test.LoginTest" name="loginWithValidUserNameAndValidPassword" time="1.544"/>
  <testcase classname="com.orange.hrm.test.LoginTest" name="loginWithInvalidUserNameAndInvalidPassword" time="1.185"/>
</testsuite> <!-- com.orange.hrm.test.LoginTest -->
