<?xml version="1.0" encoding="UTF-8"?>
<!-- Generated by org.testng.reporters.JUnitReportReporter -->
<testsuite hostname="DESKTOP-44D0AM0" failures="0" tests="3" name="com.test.OrangeHRMTest" time="13.226" errors="0" timestamp="2025-01-03T16:05:10 EST" skipped="0">
  <testcase classname="com.test.OrangeHRMTest" name="login" time="6.690"/>
  <testcase classname="com.test.OrangeHRMTest" name="testAdmin" time="3.628"/>
  <testcase classname="com.test.OrangeHRMTest" name="logout" time="2.908"/>
</testsuite> <!-- com.test.OrangeHRMTest -->
